<?xml version="1.0" encoding="UTF-8"?>
<testsuite xmlns:xsi="http://www.w3.org/2001/XMLSchema-instance" xsi:noNamespaceSchemaLocation="https://maven.apache.org/surefire/maven-surefire-plugin/xsd/surefire-test-report-3.0.xsd" version="3.0" name="TestCalculadora" time="0.287" tests="25" errors="0" skipped="0" failures="0">
  <properties>
[...]
</properties>
  <testcase name="dividirTry" classname="TestCalculadora" time="0.045"/>
  <testcase name="testSomarCSV(float, float, float)[1]" classname="TestCalculadora" time="0.04">
    <system-out><![CDATA[Soma de 35.0 + 17.0 = 52.0
]]></system-out>
  </testcase>
  <testcase name="testSomarCSV(float, float, float)[2]" classname="TestCalculadora" time="0.0">
    <system-out><![CDATA[Soma de 0.0 + 33.0 = 33.0
]]></system-out>
  </testcase>
  <testcase name="testSomarCSV(float, float, float)[3]" classname="TestCalculadora" time="0.003">
    <system-out><![CDATA[Soma de -8.0 + 44.0 = 36.0
]]></system-out>
  </testcase>
  <testcase name="testSomarCSV(float, float, float)[4]" classname="TestCalculadora" time="0.003">
    <system-out><![CDATA[Soma de -17.0 + -22.0 = -39.0
]]></system-out>
  </testcase>
  <testcase name="testSomarCSV(float, float, float)[5]" classname="TestCalculadora" time="0.002">
    <system-out><![CDATA[Soma de 0.75 + 2.55 = 3.3
]]></system-out>
  </testcase>
  <testcase name="testSomarDDT(float, float, float)[1]" classname="TestCalculadora" time="0.0">
    <system-out><![CDATA[Soma de 15.0 + 25.0 = 40.0
]]></system-out>
  </testcase>
  <testcase name="testSomarDDT(float, float, float)[2]" classname="TestCalculadora" time="0.004">
    <system-out><![CDATA[Soma de 0.0 + 12.0 = 12.0
]]></system-out>
  </testcase>
  <testcase name="testSomarDDT(float, float, float)[3]" classname="TestCalculadora" time="0.003">
    <system-out><![CDATA[Soma de -5.0 + 9.0 = 4.0
]]></system-out>
  </testcase>
  <testcase name="testSomarDDT(float, float, float)[4]" classname="TestCalculadora" time="0.002">
    <system-out><![CDATA[Soma de -7.0 + -8.0 = -15.0
]]></system-out>
  </testcase>
  <testcase name="testSomarDDT(float, float, float)[5]" classname="TestCalculadora" time="0.0">
    <system-out><![CDATA[Soma de 0.5 + 3.7 = 4.2
]]></system-out>
  </testcase>
  <testcase name="testSubtrair" classname="TestCalculadora" time="0.005">
    <system-out><![CDATA[Subtração de 10.0 - 5.0 = 5.0
]]></system-out>
  </testcase>
  <testcase name="testSomar" classname="TestCalculadora" time="0.0">
    <system-out><![CDATA[Soma de 10.0 + 5.0 = 15.0
]]></system-out>
  </testcase>
  <testcase name="testMultiplicarCSV(float, float, float)[1]" classname="TestCalculadora" time="0.001"/>
  <testcase name="testMultiplicarCSV(float, float, float)[2]" classname="TestCalculadora" time="0.003"/>
  <testcase name="testMultiplicarCSV(float, float, float)[3]" classname="TestCalculadora" time="0.0"/>
  <testcase name="testMultiplicarCSV(float, float, float)[4]" classname="TestCalculadora" time="0.0"/>
  <testcase name="testMultiplicarCSV(float, float, float)[5]" classname="TestCalculadora" time="0.0"/>
  <testcase name="testMultiplicarCSV(float, float, float)[6]" classname="TestCalculadora" time="0.001"/>
  <testcase name="testMultiplicarCSV(float, float, float)[7]" classname="TestCalculadora" time="0.003"/>
  <testcase name="testMultiplicarCSV(float, float, float)[8]" classname="TestCalculadora" time="0.0"/>
  <testcase name="testMultiplicarCSV(float, float, float)[9]" classname="TestCalculadora" time="0.0"/>
  <testcase name="testMultiplicarCSV(float, float, float)[10]" classname="TestCalculadora" time="0.0"/>
  <testcase name="testMultiplicar" classname="TestCalculadora" time="0.0"/>
  <testcase name="dividirTryPorZero" classname="TestCalculadora" time="0.0"/>
</testsuite>